0 info it worked if it ends with ok
1 verbose cli [ '/usr/bin/node', '/usr/bin/npm', 'install', 'node-m3u' ]
2 info using npm@1.4.28
3 info using node@v0.10.38
4 verbose node symlink /usr/bin/node
5 warn package.json crypto@0.0.3 crypto is also the name of a node core module.
6 warn package.json ec2@0.1.1 No repository field.
7 verbose cache add [ 'node-m3u', null ]
8 verbose cache add name=undefined spec="node-m3u" args=["node-m3u",null]
9 verbose parsed url { protocol: null,
9 verbose parsed url   slashes: null,
9 verbose parsed url   auth: null,
9 verbose parsed url   host: null,
9 verbose parsed url   port: null,
9 verbose parsed url   hostname: null,
9 verbose parsed url   hash: null,
9 verbose parsed url   search: null,
9 verbose parsed url   query: null,
9 verbose parsed url   pathname: 'node-m3u',
9 verbose parsed url   path: 'node-m3u',
9 verbose parsed url   href: 'node-m3u' }
10 silly lockFile b6b5c2ad-node-m3u node-m3u
11 verbose lock node-m3u /home/anderson/.npm/b6b5c2ad-node-m3u.lock
12 silly lockFile b6b5c2ad-node-m3u node-m3u
13 silly lockFile b6b5c2ad-node-m3u node-m3u
14 verbose addNamed [ 'node-m3u', '' ]
15 verbose addNamed [ null, '*' ]
16 silly lockFile 46ee62cc-node-m3u node-m3u@
17 verbose lock node-m3u@ /home/anderson/.npm/46ee62cc-node-m3u.lock
18 silly addNameRange { name: 'node-m3u', range: '*', hasData: false }
19 verbose request where is /node-m3u
20 verbose request registry https://registry.npmjs.org/
21 verbose request id d60ac346b971f6fd
22 verbose url raw /node-m3u
23 verbose url resolving [ 'https://registry.npmjs.org/', './node-m3u' ]
24 verbose url resolved https://registry.npmjs.org/node-m3u
25 verbose request where is https://registry.npmjs.org/node-m3u
26 info trying registry request attempt 1 at 23:17:19
27 http GET https://registry.npmjs.org/node-m3u
28 http 404 https://registry.npmjs.org/node-m3u
29 silly registry.get cb [ 404,
29 silly registry.get   { 'content-type': 'application/json',
29 silly registry.get     'cache-control': 'max-age=0',
29 silly registry.get     'content-length': '2',
29 silly registry.get     'accept-ranges': 'bytes',
29 silly registry.get     date: 'Wed, 02 Dec 2015 01:17:20 GMT',
29 silly registry.get     via: '1.1 varnish',
29 silly registry.get     age: '0',
29 silly registry.get     connection: 'keep-alive',
29 silly registry.get     'x-served-by': 'cache-jfk1022-JFK',
29 silly registry.get     'x-cache': 'MISS',
29 silly registry.get     'x-cache-hits': '0',
29 silly registry.get     'x-timer': 'S1449019040.570726,VS0,VE86' } ]
30 silly lockFile 46ee62cc-node-m3u node-m3u@
31 silly lockFile 46ee62cc-node-m3u node-m3u@
32 error 404 Not Found
32 error 404
32 error 404 'node-m3u' is not in the npm registry.
32 error 404 You should bug the author to publish it
32 error 404
32 error 404 Maybe try 'npm search m3u'
32 error 404
32 error 404 Note that you can also install from a
32 error 404 tarball, folder, or http url, or git url.
33 error System Linux 3.13.0-68-generic
34 error command "/usr/bin/node" "/usr/bin/npm" "install" "node-m3u"
35 error cwd /var/www/APIario/modules/APIario-video
36 error node -v v0.10.38
37 error npm -v 1.4.28
38 error code E404
39 verbose exit [ 1, true ]
